[2023-11-13 07:06:34] local.ERROR: The "--columns" option does not exist. {"exception":"[object] (Symfony\\Component\\Console\\Exception\\RuntimeException(code: 0): The \"--columns\" option does not exist. at /Applications/XAMPP/xamppfiles/htdocs/BFound/jolanko/jolanko/YourCalendarApp/vendor/symfony/console/Input/ArgvInput.php:223)
[stacktrace]
#0 /Applications/XAMPP/xamppfiles/htdocs/BFound/jolanko/jolanko/YourCalendarApp/vendor/symfony/console/Input/ArgvInput.php(150): Symfony\\Component\\Console\\Input\\ArgvInput->addLongOption('columns', 'name,action')
#1 /Applications/XAMPP/xamppfiles/htdocs/BFound/jolanko/jolanko/YourCalendarApp/vendor/symfony/console/Input/ArgvInput.php(85): Symfony\\Component\\Console\\Input\\ArgvInput->parseLongOption('--columns=name,...')
#2 /Applications/XAMPP/xamppfiles/htdocs/BFound/jolanko/jolanko/YourCalendarApp/vendor/symfony/console/Input/ArgvInput.php(74): Symfony\\Component\\Console\\Input\\ArgvInput->parseToken('--columns=name,...', true)
#3 /Applications/XAMPP/xamppfiles/htdocs/BFound/jolanko/jolanko/YourCalendarApp/vendor/symfony/console/Input/Input.php(55): Symfony\\Component\\Console\\Input\\ArgvInput->parse()
#4 /Applications/XAMPP/xamppfiles/htdocs/BFound/jolanko/jolanko/YourCalendarApp/vendor/symfony/console/Command/Command.php(285): Symfony\\Component\\Console\\Input\\Input->bind(Object(Symfony\\Component\\Console\\Input\\InputDefinition))
#5 /Applications/XAMPP/xamppfiles/htdocs/BFound/jolanko/jolanko/YourCalendarApp/vendor/laravel/framework/src/Illuminate/Console/Command.php(180): Symfony\\Component\\Console\\Command\\Command->run(Object(Symfony\\Component\\Console\\Input\\ArgvInput), Object(Illuminate\\Console\\OutputStyle))
#6 /Applications/XAMPP/xamppfiles/htdocs/BFound/jolanko/jolanko/YourCalendarApp/vendor/symfony/console/Application.php(1081): Illuminate\\Console\\Command->run(Object(Symfony\\Component\\Console\\Input\\ArgvInput), Object(Symfony\\Component\\Console\\Output\\ConsoleOutput))
#7 /Applications/XAMPP/xamppfiles/htdocs/BFound/jolanko/jolanko/YourCalendarApp/vendor/symfony/console/Application.php(320): Symfony\\Component\\Console\\Application->doRunCommand(Object(Illuminate\\Foundation\\Console\\RouteListCommand), Object(Symfony\\Component\\Console\\Input\\ArgvInput), Object(Symfony\\Component\\Console\\Output\\ConsoleOutput))
#8 /Applications/XAMPP/xamppfiles/htdocs/BFound/jolanko/jolanko/YourCalendarApp/vendor/symfony/console/Application.php(174): Symfony\\Component\\Console\\Application->doRun(Object(Symfony\\Component\\Console\\Input\\ArgvInput), Object(Symfony\\Component\\Console\\Output\\ConsoleOutput))
#9 /Applications/XAMPP/xamppfiles/htdocs/BFound/jolanko/jolanko/YourCalendarApp/vendor/laravel/framework/src/Illuminate/Foundation/Console/Kernel.php(201): Symfony\\Component\\Console\\Application->run(Object(Symfony\\Component\\Console\\Input\\ArgvInput), Object(Symfony\\Component\\Console\\Output\\ConsoleOutput))
#10 /Applications/XAMPP/xamppfiles/htdocs/BFound/jolanko/jolanko/YourCalendarApp/artisan(35): Illuminate\\Foundation\\Console\\Kernel->handle(Object(Symfony\\Component\\Console\\Input\\ArgvInput), Object(Symfony\\Component\\Console\\Output\\ConsoleOutput))
#11 {main}
"} 
[2023-11-13 07:07:35] local.ERROR: The "--columns" option does not exist. {"exception":"[object] (Symfony\\Component\\Console\\Exception\\RuntimeException(code: 0): The \"--columns\" option does not exist. at /Applications/XAMPP/xamppfiles/htdocs/BFound/jolanko/jolanko/YourCalendarApp/vendor/symfony/console/Input/ArgvInput.php:223)
[stacktrace]
#0 /Applications/XAMPP/xamppfiles/htdocs/BFound/jolanko/jolanko/YourCalendarApp/vendor/symfony/console/Input/ArgvInput.php(150): Symfony\\Component\\Console\\Input\\ArgvInput->addLongOption('columns', 'name,action')
#1 /Applications/XAMPP/xamppfiles/htdocs/BFound/jolanko/jolanko/YourCalendarApp/vendor/symfony/console/Input/ArgvInput.php(85): Symfony\\Component\\Console\\Input\\ArgvInput->parseLongOption('--columns=name,...')
#2 /Applications/XAMPP/xamppfiles/htdocs/BFound/jolanko/jolanko/YourCalendarApp/vendor/symfony/console/Input/ArgvInput.php(74): Symfony\\Component\\Console\\Input\\ArgvInput->parseToken('--columns=name,...', true)
#3 /Applications/XAMPP/xamppfiles/htdocs/BFound/jolanko/jolanko/YourCalendarApp/vendor/symfony/console/Input/Input.php(55): Symfony\\Component\\Console\\Input\\ArgvInput->parse()
#4 /Applications/XAMPP/xamppfiles/htdocs/BFound/jolanko/jolanko/YourCalendarApp/vendor/symfony/console/Command/Command.php(285): Symfony\\Component\\Console\\Input\\Input->bind(Object(Symfony\\Component\\Console\\Input\\InputDefinition))
#5 /Applications/XAMPP/xamppfiles/htdocs/BFound/jolanko/jolanko/YourCalendarApp/vendor/laravel/framework/src/Illuminate/Console/Command.php(180): Symfony\\Component\\Console\\Command\\Command->run(Object(Symfony\\Component\\Console\\Input\\ArgvInput), Object(Illuminate\\Console\\OutputStyle))
#6 /Applications/XAMPP/xamppfiles/htdocs/BFound/jolanko/jolanko/YourCalendarApp/vendor/symfony/console/Application.php(1081): Illuminate\\Console\\Command->run(Object(Symfony\\Component\\Console\\Input\\ArgvInput), Object(Symfony\\Component\\Console\\Output\\ConsoleOutput))
#7 /Applications/XAMPP/xamppfiles/htdocs/BFound/jolanko/jolanko/YourCalendarApp/vendor/symfony/console/Application.php(320): Symfony\\Component\\Console\\Application->doRunCommand(Object(Illuminate\\Foundation\\Console\\RouteListCommand), Object(Symfony\\Component\\Console\\Input\\ArgvInput), Object(Symfony\\Component\\Console\\Output\\ConsoleOutput))
#8 /Applications/XAMPP/xamppfiles/htdocs/BFound/jolanko/jolanko/YourCalendarApp/vendor/symfony/console/Application.php(174): Symfony\\Component\\Console\\Application->doRun(Object(Symfony\\Component\\Console\\Input\\ArgvInput), Object(Symfony\\Component\\Console\\Output\\ConsoleOutput))
#9 /Applications/XAMPP/xamppfiles/htdocs/BFound/jolanko/jolanko/YourCalendarApp/vendor/laravel/framework/src/Illuminate/Foundation/Console/Kernel.php(201): Symfony\\Component\\Console\\Application->run(Object(Symfony\\Component\\Console\\Input\\ArgvInput), Object(Symfony\\Component\\Console\\Output\\ConsoleOutput))
#10 /Applications/XAMPP/xamppfiles/htdocs/BFound/jolanko/jolanko/YourCalendarApp/artisan(35): Illuminate\\Foundation\\Console\\Kernel->handle(Object(Symfony\\Component\\Console\\Input\\ArgvInput), Object(Symfony\\Component\\Console\\Output\\ConsoleOutput))
#11 {main}
"} 
[2023-11-13 07:07:54] local.ERROR: The "--columns" option does not exist. {"exception":"[object] (Symfony\\Component\\Console\\Exception\\RuntimeException(code: 0): The \"--columns\" option does not exist. at /Applications/XAMPP/xamppfiles/htdocs/BFound/jolanko/jolanko/YourCalendarApp/vendor/symfony/console/Input/ArgvInput.php:223)
[stacktrace]
#0 /Applications/XAMPP/xamppfiles/htdocs/BFound/jolanko/jolanko/YourCalendarApp/vendor/symfony/console/Input/ArgvInput.php(150): Symfony\\Component\\Console\\Input\\ArgvInput->addLongOption('columns', 'name,action')
#1 /Applications/XAMPP/xamppfiles/htdocs/BFound/jolanko/jolanko/YourCalendarApp/vendor/symfony/console/Input/ArgvInput.php(85): Symfony\\Component\\Console\\Input\\ArgvInput->parseLongOption('--columns=name,...')
#2 /Applications/XAMPP/xamppfiles/htdocs/BFound/jolanko/jolanko/YourCalendarApp/vendor/symfony/console/Input/ArgvInput.php(74): Symfony\\Component\\Console\\Input\\ArgvInput->parseToken('--columns=name,...', true)
#3 /Applications/XAMPP/xamppfiles/htdocs/BFound/jolanko/jolanko/YourCalendarApp/vendor/symfony/console/Input/Input.php(55): Symfony\\Component\\Console\\Input\\ArgvInput->parse()
#4 /Applications/XAMPP/xamppfiles/htdocs/BFound/jolanko/jolanko/YourCalendarApp/vendor/symfony/console/Command/Command.php(285): Symfony\\Component\\Console\\Input\\Input->bind(Object(Symfony\\Component\\Console\\Input\\InputDefinition))
#5 /Applications/XAMPP/xamppfiles/htdocs/BFound/jolanko/jolanko/YourCalendarApp/vendor/laravel/framework/src/Illuminate/Console/Command.php(180): Symfony\\Component\\Console\\Command\\Command->run(Object(Symfony\\Component\\Console\\Input\\ArgvInput), Object(Illuminate\\Console\\OutputStyle))
#6 /Applications/XAMPP/xamppfiles/htdocs/BFound/jolanko/jolanko/YourCalendarApp/vendor/symfony/console/Application.php(1081): Illuminate\\Console\\Command->run(Object(Symfony\\Component\\Console\\Input\\ArgvInput), Object(Symfony\\Component\\Console\\Output\\ConsoleOutput))
#7 /Applications/XAMPP/xamppfiles/htdocs/BFound/jolanko/jolanko/YourCalendarApp/vendor/symfony/console/Application.php(320): Symfony\\Component\\Console\\Application->doRunCommand(Object(Illuminate\\Foundation\\Console\\RouteListCommand), Object(Symfony\\Component\\Console\\Input\\ArgvInput), Object(Symfony\\Component\\Console\\Output\\ConsoleOutput))
#8 /Applications/XAMPP/xamppfiles/htdocs/BFound/jolanko/jolanko/YourCalendarApp/vendor/symfony/console/Application.php(174): Symfony\\Component\\Console\\Application->doRun(Object(Symfony\\Component\\Console\\Input\\ArgvInput), Object(Symfony\\Component\\Console\\Output\\ConsoleOutput))
#9 /Applications/XAMPP/xamppfiles/htdocs/BFound/jolanko/jolanko/YourCalendarApp/vendor/laravel/framework/src/Illuminate/Foundation/Console/Kernel.php(201): Symfony\\Component\\Console\\Application->run(Object(Symfony\\Component\\Console\\Input\\ArgvInput), Object(Symfony\\Component\\Console\\Output\\ConsoleOutput))
#10 /Applications/XAMPP/xamppfiles/htdocs/BFound/jolanko/jolanko/YourCalendarApp/artisan(35): Illuminate\\Foundation\\Console\\Kernel->handle(Object(Symfony\\Component\\Console\\Input\\ArgvInput), Object(Symfony\\Component\\Console\\Output\\ConsoleOutput))
#11 {main}
"} 
[2023-11-14 07:11:23] local.ERROR: The "--columns" option does not exist. {"exception":"[object] (Symfony\\Component\\Console\\Exception\\RuntimeException(code: 0): The \"--columns\" option does not exist. at /Applications/XAMPP/xamppfiles/htdocs/BFound/jolanko/jolanko/YourCalendarApp/vendor/symfony/console/Input/ArgvInput.php:223)
[stacktrace]
#0 /Applications/XAMPP/xamppfiles/htdocs/BFound/jolanko/jolanko/YourCalendarApp/vendor/symfony/console/Input/ArgvInput.php(150): Symfony\\Component\\Console\\Input\\ArgvInput->addLongOption('columns', 'name,action')
#1 /Applications/XAMPP/xamppfiles/htdocs/BFound/jolanko/jolanko/YourCalendarApp/vendor/symfony/console/Input/ArgvInput.php(85): Symfony\\Component\\Console\\Input\\ArgvInput->parseLongOption('--columns=name,...')
#2 /Applications/XAMPP/xamppfiles/htdocs/BFound/jolanko/jolanko/YourCalendarApp/vendor/symfony/console/Input/ArgvInput.php(74): Symfony\\Component\\Console\\Input\\ArgvInput->parseToken('--columns=name,...', true)
#3 /Applications/XAMPP/xamppfiles/htdocs/BFound/jolanko/jolanko/YourCalendarApp/vendor/symfony/console/Input/Input.php(55): Symfony\\Component\\Console\\Input\\ArgvInput->parse()
#4 /Applications/XAMPP/xamppfiles/htdocs/BFound/jolanko/jolanko/YourCalendarApp/vendor/symfony/console/Command/Command.php(285): Symfony\\Component\\Console\\Input\\Input->bind(Object(Symfony\\Component\\Console\\Input\\InputDefinition))
#5 /Applications/XAMPP/xamppfiles/htdocs/BFound/jolanko/jolanko/YourCalendarApp/vendor/laravel/framework/src/Illuminate/Console/Command.php(180): Symfony\\Component\\Console\\Command\\Command->run(Object(Symfony\\Component\\Console\\Input\\ArgvInput), Object(Illuminate\\Console\\OutputStyle))
#6 /Applications/XAMPP/xamppfiles/htdocs/BFound/jolanko/jolanko/YourCalendarApp/vendor/symfony/console/Application.php(1081): Illuminate\\Console\\Command->run(Object(Symfony\\Component\\Console\\Input\\ArgvInput), Object(Symfony\\Component\\Console\\Output\\ConsoleOutput))
#7 /Applications/XAMPP/xamppfiles/htdocs/BFound/jolanko/jolanko/YourCalendarApp/vendor/symfony/console/Application.php(320): Symfony\\Component\\Console\\Application->doRunCommand(Object(Illuminate\\Foundation\\Console\\RouteListCommand), Object(Symfony\\Component\\Console\\Input\\ArgvInput), Object(Symfony\\Component\\Console\\Output\\ConsoleOutput))
#8 /Applications/XAMPP/xamppfiles/htdocs/BFound/jolanko/jolanko/YourCalendarApp/vendor/symfony/console/Application.php(174): Symfony\\Component\\Console\\Application->doRun(Object(Symfony\\Component\\Console\\Input\\ArgvInput), Object(Symfony\\Component\\Console\\Output\\ConsoleOutput))
#9 /Applications/XAMPP/xamppfiles/htdocs/BFound/jolanko/jolanko/YourCalendarApp/vendor/laravel/framework/src/Illuminate/Foundation/Console/Kernel.php(201): Symfony\\Component\\Console\\Application->run(Object(Symfony\\Component\\Console\\Input\\ArgvInput), Object(Symfony\\Component\\Console\\Output\\ConsoleOutput))
#10 /Applications/XAMPP/xamppfiles/htdocs/BFound/jolanko/jolanko/YourCalendarApp/artisan(35): Illuminate\\Foundation\\Console\\Kernel->handle(Object(Symfony\\Component\\Console\\Input\\ArgvInput), Object(Symfony\\Component\\Console\\Output\\ConsoleOutput))
#11 {main}
"} 
[2023-11-25 07:59:31] local.ERROR: The "--columns" option does not exist. {"exception":"[object] (Symfony\\Component\\Console\\Exception\\RuntimeException(code: 0): The \"--columns\" option does not exist. at /Applications/XAMPP/xamppfiles/htdocs/BFound/jolanko/jolanko/YourCalendarApp/vendor/symfony/console/Input/ArgvInput.php:223)
[stacktrace]
#0 /Applications/XAMPP/xamppfiles/htdocs/BFound/jolanko/jolanko/YourCalendarApp/vendor/symfony/console/Input/ArgvInput.php(150): Symfony\\Component\\Console\\Input\\ArgvInput->addLongOption('columns', 'name,action')
#1 /Applications/XAMPP/xamppfiles/htdocs/BFound/jolanko/jolanko/YourCalendarApp/vendor/symfony/console/Input/ArgvInput.php(85): Symfony\\Component\\Console\\Input\\ArgvInput->parseLongOption('--columns=name,...')
#2 /Applications/XAMPP/xamppfiles/htdocs/BFound/jolanko/jolanko/YourCalendarApp/vendor/symfony/console/Input/ArgvInput.php(74): Symfony\\Component\\Console\\Input\\ArgvInput->parseToken('--columns=name,...', true)
#3 /Applications/XAMPP/xamppfiles/htdocs/BFound/jolanko/jolanko/YourCalendarApp/vendor/symfony/console/Input/Input.php(55): Symfony\\Component\\Console\\Input\\ArgvInput->parse()
#4 /Applications/XAMPP/xamppfiles/htdocs/BFound/jolanko/jolanko/YourCalendarApp/vendor/symfony/console/Command/Command.php(285): Symfony\\Component\\Console\\Input\\Input->bind(Object(Symfony\\Component\\Console\\Input\\InputDefinition))
#5 /Applications/XAMPP/xamppfiles/htdocs/BFound/jolanko/jolanko/YourCalendarApp/vendor/laravel/framework/src/Illuminate/Console/Command.php(180): Symfony\\Component\\Console\\Command\\Command->run(Object(Symfony\\Component\\Console\\Input\\ArgvInput), Object(Illuminate\\Console\\OutputStyle))
#6 /Applications/XAMPP/xamppfiles/htdocs/BFound/jolanko/jolanko/YourCalendarApp/vendor/symfony/console/Application.php(1081): Illuminate\\Console\\Command->run(Object(Symfony\\Component\\Console\\Input\\ArgvInput), Object(Symfony\\Component\\Console\\Output\\ConsoleOutput))
#7 /Applications/XAMPP/xamppfiles/htdocs/BFound/jolanko/jolanko/YourCalendarApp/vendor/symfony/console/Application.php(320): Symfony\\Component\\Console\\Application->doRunCommand(Object(Illuminate\\Foundation\\Console\\RouteListCommand), Object(Symfony\\Component\\Console\\Input\\ArgvInput), Object(Symfony\\Component\\Console\\Output\\ConsoleOutput))
#8 /Applications/XAMPP/xamppfiles/htdocs/BFound/jolanko/jolanko/YourCalendarApp/vendor/symfony/console/Application.php(174): Symfony\\Component\\Console\\Application->doRun(Object(Symfony\\Component\\Console\\Input\\ArgvInput), Object(Symfony\\Component\\Console\\Output\\ConsoleOutput))
#9 /Applications/XAMPP/xamppfiles/htdocs/BFound/jolanko/jolanko/YourCalendarApp/vendor/laravel/framework/src/Illuminate/Foundation/Console/Kernel.php(201): Symfony\\Component\\Console\\Application->run(Object(Symfony\\Component\\Console\\Input\\ArgvInput), Object(Symfony\\Component\\Console\\Output\\ConsoleOutput))
#10 /Applications/XAMPP/xamppfiles/htdocs/BFound/jolanko/jolanko/YourCalendarApp/artisan(35): Illuminate\\Foundation\\Console\\Kernel->handle(Object(Symfony\\Component\\Console\\Input\\ArgvInput), Object(Symfony\\Component\\Console\\Output\\ConsoleOutput))
#11 {main}
"} 
[2023-11-25 08:25:01] local.ERROR: The "--columns" option does not exist. {"exception":"[object] (Symfony\\Component\\Console\\Exception\\RuntimeException(code: 0): The \"--columns\" option does not exist. at /Applications/XAMPP/xamppfiles/htdocs/BFound/jolanko/jolanko/YourCalendarApp/vendor/symfony/console/Input/ArgvInput.php:223)
[stacktrace]
#0 /Applications/XAMPP/xamppfiles/htdocs/BFound/jolanko/jolanko/YourCalendarApp/vendor/symfony/console/Input/ArgvInput.php(150): Symfony\\Component\\Console\\Input\\ArgvInput->addLongOption('columns', 'name,action')
#1 /Applications/XAMPP/xamppfiles/htdocs/BFound/jolanko/jolanko/YourCalendarApp/vendor/symfony/console/Input/ArgvInput.php(85): Symfony\\Component\\Console\\Input\\ArgvInput->parseLongOption('--columns=name,...')
#2 /Applications/XAMPP/xamppfiles/htdocs/BFound/jolanko/jolanko/YourCalendarApp/vendor/symfony/console/Input/ArgvInput.php(74): Symfony\\Component\\Console\\Input\\ArgvInput->parseToken('--columns=name,...', true)
#3 /Applications/XAMPP/xamppfiles/htdocs/BFound/jolanko/jolanko/YourCalendarApp/vendor/symfony/console/Input/Input.php(55): Symfony\\Component\\Console\\Input\\ArgvInput->parse()
#4 /Applications/XAMPP/xamppfiles/htdocs/BFound/jolanko/jolanko/YourCalendarApp/vendor/symfony/console/Command/Command.php(285): Symfony\\Component\\Console\\Input\\Input->bind(Object(Symfony\\Component\\Console\\Input\\InputDefinition))
#5 /Applications/XAMPP/xamppfiles/htdocs/BFound/jolanko/jolanko/YourCalendarApp/vendor/laravel/framework/src/Illuminate/Console/Command.php(180): Symfony\\Component\\Console\\Command\\Command->run(Object(Symfony\\Component\\Console\\Input\\ArgvInput), Object(Illuminate\\Console\\OutputStyle))
#6 /Applications/XAMPP/xamppfiles/htdocs/BFound/jolanko/jolanko/YourCalendarApp/vendor/symfony/console/Application.php(1081): Illuminate\\Console\\Command->run(Object(Symfony\\Component\\Console\\Input\\ArgvInput), Object(Symfony\\Component\\Console\\Output\\ConsoleOutput))
#7 /Applications/XAMPP/xamppfiles/htdocs/BFound/jolanko/jolanko/YourCalendarApp/vendor/symfony/console/Application.php(320): Symfony\\Component\\Console\\Application->doRunCommand(Object(Illuminate\\Foundation\\Console\\RouteListCommand), Object(Symfony\\Component\\Console\\Input\\ArgvInput), Object(Symfony\\Component\\Console\\Output\\ConsoleOutput))
#8 /Applications/XAMPP/xamppfiles/htdocs/BFound/jolanko/jolanko/YourCalendarApp/vendor/symfony/console/Application.php(174): Symfony\\Component\\Console\\Application->doRun(Object(Symfony\\Component\\Console\\Input\\ArgvInput), Object(Symfony\\Component\\Console\\Output\\ConsoleOutput))
#9 /Applications/XAMPP/xamppfiles/htdocs/BFound/jolanko/jolanko/YourCalendarApp/vendor/laravel/framework/src/Illuminate/Foundation/Console/Kernel.php(201): Symfony\\Component\\Console\\Application->run(Object(Symfony\\Component\\Console\\Input\\ArgvInput), Object(Symfony\\Component\\Console\\Output\\ConsoleOutput))
#10 /Applications/XAMPP/xamppfiles/htdocs/BFound/jolanko/jolanko/YourCalendarApp/artisan(35): Illuminate\\Foundation\\Console\\Kernel->handle(Object(Symfony\\Component\\Console\\Input\\ArgvInput), Object(Symfony\\Component\\Console\\Output\\ConsoleOutput))
#11 {main}
"} 
[2023-11-25 09:12:05] local.ERROR: The "--columns" option does not exist. {"exception":"[object] (Symfony\\Component\\Console\\Exception\\RuntimeException(code: 0): The \"--columns\" option does not exist. at /Applications/XAMPP/xamppfiles/htdocs/BFound/jolanko/jolanko/YourCalendarApp/vendor/symfony/console/Input/ArgvInput.php:223)
[stacktrace]
#0 /Applications/XAMPP/xamppfiles/htdocs/BFound/jolanko/jolanko/YourCalendarApp/vendor/symfony/console/Input/ArgvInput.php(150): Symfony\\Component\\Console\\Input\\ArgvInput->addLongOption('columns', 'name,action')
#1 /Applications/XAMPP/xamppfiles/htdocs/BFound/jolanko/jolanko/YourCalendarApp/vendor/symfony/console/Input/ArgvInput.php(85): Symfony\\Component\\Console\\Input\\ArgvInput->parseLongOption('--columns=name,...')
#2 /Applications/XAMPP/xamppfiles/htdocs/BFound/jolanko/jolanko/YourCalendarApp/vendor/symfony/console/Input/ArgvInput.php(74): Symfony\\Component\\Console\\Input\\ArgvInput->parseToken('--columns=name,...', true)
#3 /Applications/XAMPP/xamppfiles/htdocs/BFound/jolanko/jolanko/YourCalendarApp/vendor/symfony/console/Input/Input.php(55): Symfony\\Component\\Console\\Input\\ArgvInput->parse()
#4 /Applications/XAMPP/xamppfiles/htdocs/BFound/jolanko/jolanko/YourCalendarApp/vendor/symfony/console/Command/Command.php(285): Symfony\\Component\\Console\\Input\\Input->bind(Object(Symfony\\Component\\Console\\Input\\InputDefinition))
#5 /Applications/XAMPP/xamppfiles/htdocs/BFound/jolanko/jolanko/YourCalendarApp/vendor/laravel/framework/src/Illuminate/Console/Command.php(180): Symfony\\Component\\Console\\Command\\Command->run(Object(Symfony\\Component\\Console\\Input\\ArgvInput), Object(Illuminate\\Console\\OutputStyle))
#6 /Applications/XAMPP/xamppfiles/htdocs/BFound/jolanko/jolanko/YourCalendarApp/vendor/symfony/console/Application.php(1081): Illuminate\\Console\\Command->run(Object(Symfony\\Component\\Console\\Input\\ArgvInput), Object(Symfony\\Component\\Console\\Output\\ConsoleOutput))
#7 /Applications/XAMPP/xamppfiles/htdocs/BFound/jolanko/jolanko/YourCalendarApp/vendor/symfony/console/Application.php(320): Symfony\\Component\\Console\\Application->doRunCommand(Object(Illuminate\\Foundation\\Console\\RouteListCommand), Object(Symfony\\Component\\Console\\Input\\ArgvInput), Object(Symfony\\Component\\Console\\Output\\ConsoleOutput))
#8 /Applications/XAMPP/xamppfiles/htdocs/BFound/jolanko/jolanko/YourCalendarApp/vendor/symfony/console/Application.php(174): Symfony\\Component\\Console\\Application->doRun(Object(Symfony\\Component\\Console\\Input\\ArgvInput), Object(Symfony\\Component\\Console\\Output\\ConsoleOutput))
#9 /Applications/XAMPP/xamppfiles/htdocs/BFound/jolanko/jolanko/YourCalendarApp/vendor/laravel/framework/src/Illuminate/Foundation/Console/Kernel.php(201): Symfony\\Component\\Console\\Application->run(Object(Symfony\\Component\\Console\\Input\\ArgvInput), Object(Symfony\\Component\\Console\\Output\\ConsoleOutput))
#10 /Applications/XAMPP/xamppfiles/htdocs/BFound/jolanko/jolanko/YourCalendarApp/artisan(35): Illuminate\\Foundation\\Console\\Kernel->handle(Object(Symfony\\Component\\Console\\Input\\ArgvInput), Object(Symfony\\Component\\Console\\Output\\ConsoleOutput))
#11 {main}
"} 
[2023-11-26 09:10:36] local.ERROR: The "--columns" option does not exist. {"exception":"[object] (Symfony\\Component\\Console\\Exception\\RuntimeException(code: 0): The \"--columns\" option does not exist. at /Applications/XAMPP/xamppfiles/htdocs/BFound/jolanko/jolanko/YourCalendarApp/vendor/symfony/console/Input/ArgvInput.php:223)
[stacktrace]
#0 /Applications/XAMPP/xamppfiles/htdocs/BFound/jolanko/jolanko/YourCalendarApp/vendor/symfony/console/Input/ArgvInput.php(150): Symfony\\Component\\Console\\Input\\ArgvInput->addLongOption('columns', 'name,action')
#1 /Applications/XAMPP/xamppfiles/htdocs/BFound/jolanko/jolanko/YourCalendarApp/vendor/symfony/console/Input/ArgvInput.php(85): Symfony\\Component\\Console\\Input\\ArgvInput->parseLongOption('--columns=name,...')
#2 /Applications/XAMPP/xamppfiles/htdocs/BFound/jolanko/jolanko/YourCalendarApp/vendor/symfony/console/Input/ArgvInput.php(74): Symfony\\Component\\Console\\Input\\ArgvInput->parseToken('--columns=name,...', true)
#3 /Applications/XAMPP/xamppfiles/htdocs/BFound/jolanko/jolanko/YourCalendarApp/vendor/symfony/console/Input/Input.php(55): Symfony\\Component\\Console\\Input\\ArgvInput->parse()
#4 /Applications/XAMPP/xamppfiles/htdocs/BFound/jolanko/jolanko/YourCalendarApp/vendor/symfony/console/Command/Command.php(285): Symfony\\Component\\Console\\Input\\Input->bind(Object(Symfony\\Component\\Console\\Input\\InputDefinition))
#5 /Applications/XAMPP/xamppfiles/htdocs/BFound/jolanko/jolanko/YourCalendarApp/vendor/laravel/framework/src/Illuminate/Console/Command.php(180): Symfony\\Component\\Console\\Command\\Command->run(Object(Symfony\\Component\\Console\\Input\\ArgvInput), Object(Illuminate\\Console\\OutputStyle))
#6 /Applications/XAMPP/xamppfiles/htdocs/BFound/jolanko/jolanko/YourCalendarApp/vendor/symfony/console/Application.php(1081): Illuminate\\Console\\Command->run(Object(Symfony\\Component\\Console\\Input\\ArgvInput), Object(Symfony\\Component\\Console\\Output\\ConsoleOutput))
#7 /Applications/XAMPP/xamppfiles/htdocs/BFound/jolanko/jolanko/YourCalendarApp/vendor/symfony/console/Application.php(320): Symfony\\Component\\Console\\Application->doRunCommand(Object(Illuminate\\Foundation\\Console\\RouteListCommand), Object(Symfony\\Component\\Console\\Input\\ArgvInput), Object(Symfony\\Component\\Console\\Output\\ConsoleOutput))
#8 /Applications/XAMPP/xamppfiles/htdocs/BFound/jolanko/jolanko/YourCalendarApp/vendor/symfony/console/Application.php(174): Symfony\\Component\\Console\\Application->doRun(Object(Symfony\\Component\\Console\\Input\\ArgvInput), Object(Symfony\\Component\\Console\\Output\\ConsoleOutput))
#9 /Applications/XAMPP/xamppfiles/htdocs/BFound/jolanko/jolanko/YourCalendarApp/vendor/laravel/framework/src/Illuminate/Foundation/Console/Kernel.php(201): Symfony\\Component\\Console\\Application->run(Object(Symfony\\Component\\Console\\Input\\ArgvInput), Object(Symfony\\Component\\Console\\Output\\ConsoleOutput))
#10 /Applications/XAMPP/xamppfiles/htdocs/BFound/jolanko/jolanko/YourCalendarApp/artisan(35): Illuminate\\Foundation\\Console\\Kernel->handle(Object(Symfony\\Component\\Console\\Input\\ArgvInput), Object(Symfony\\Component\\Console\\Output\\ConsoleOutput))
#11 {main}
"} 
[2023-11-26 09:10:42] local.ERROR: The "--columns" option does not exist. {"exception":"[object] (Symfony\\Component\\Console\\Exception\\RuntimeException(code: 0): The \"--columns\" option does not exist. at /Applications/XAMPP/xamppfiles/htdocs/BFound/jolanko/jolanko/YourCalendarApp/vendor/symfony/console/Input/ArgvInput.php:223)
[stacktrace]
#0 /Applications/XAMPP/xamppfiles/htdocs/BFound/jolanko/jolanko/YourCalendarApp/vendor/symfony/console/Input/ArgvInput.php(150): Symfony\\Component\\Console\\Input\\ArgvInput->addLongOption('columns', 'name,action')
#1 /Applications/XAMPP/xamppfiles/htdocs/BFound/jolanko/jolanko/YourCalendarApp/vendor/symfony/console/Input/ArgvInput.php(85): Symfony\\Component\\Console\\Input\\ArgvInput->parseLongOption('--columns=name,...')
#2 /Applications/XAMPP/xamppfiles/htdocs/BFound/jolanko/jolanko/YourCalendarApp/vendor/symfony/console/Input/ArgvInput.php(74): Symfony\\Component\\Console\\Input\\ArgvInput->parseToken('--columns=name,...', true)
#3 /Applications/XAMPP/xamppfiles/htdocs/BFound/jolanko/jolanko/YourCalendarApp/vendor/symfony/console/Input/Input.php(55): Symfony\\Component\\Console\\Input\\ArgvInput->parse()
#4 /Applications/XAMPP/xamppfiles/htdocs/BFound/jolanko/jolanko/YourCalendarApp/vendor/symfony/console/Command/Command.php(285): Symfony\\Component\\Console\\Input\\Input->bind(Object(Symfony\\Component\\Console\\Input\\InputDefinition))
#5 /Applications/XAMPP/xamppfiles/htdocs/BFound/jolanko/jolanko/YourCalendarApp/vendor/laravel/framework/src/Illuminate/Console/Command.php(180): Symfony\\Component\\Console\\Command\\Command->run(Object(Symfony\\Component\\Console\\Input\\ArgvInput), Object(Illuminate\\Console\\OutputStyle))
#6 /Applications/XAMPP/xamppfiles/htdocs/BFound/jolanko/jolanko/YourCalendarApp/vendor/symfony/console/Application.php(1081): Illuminate\\Console\\Command->run(Object(Symfony\\Component\\Console\\Input\\ArgvInput), Object(Symfony\\Component\\Console\\Output\\ConsoleOutput))
#7 /Applications/XAMPP/xamppfiles/htdocs/BFound/jolanko/jolanko/YourCalendarApp/vendor/symfony/console/Application.php(320): Symfony\\Component\\Console\\Application->doRunCommand(Object(Illuminate\\Foundation\\Console\\RouteListCommand), Object(Symfony\\Component\\Console\\Input\\ArgvInput), Object(Symfony\\Component\\Console\\Output\\ConsoleOutput))
#8 /Applications/XAMPP/xamppfiles/htdocs/BFound/jolanko/jolanko/YourCalendarApp/vendor/symfony/console/Application.php(174): Symfony\\Component\\Console\\Application->doRun(Object(Symfony\\Component\\Console\\Input\\ArgvInput), Object(Symfony\\Component\\Console\\Output\\ConsoleOutput))
#9 /Applications/XAMPP/xamppfiles/htdocs/BFound/jolanko/jolanko/YourCalendarApp/vendor/laravel/framework/src/Illuminate/Foundation/Console/Kernel.php(201): Symfony\\Component\\Console\\Application->run(Object(Symfony\\Component\\Console\\Input\\ArgvInput), Object(Symfony\\Component\\Console\\Output\\ConsoleOutput))
#10 /Applications/XAMPP/xamppfiles/htdocs/BFound/jolanko/jolanko/YourCalendarApp/artisan(35): Illuminate\\Foundation\\Console\\Kernel->handle(Object(Symfony\\Component\\Console\\Input\\ArgvInput), Object(Symfony\\Component\\Console\\Output\\ConsoleOutput))
#11 {main}
"} 
[2023-11-26 11:55:06] local.ERROR: The "--columns" option does not exist. {"exception":"[object] (Symfony\\Component\\Console\\Exception\\RuntimeException(code: 0): The \"--columns\" option does not exist. at /Applications/XAMPP/xamppfiles/htdocs/BFound/jolanko/jolanko/YourCalendarApp/vendor/symfony/console/Input/ArgvInput.php:223)
[stacktrace]
#0 /Applications/XAMPP/xamppfiles/htdocs/BFound/jolanko/jolanko/YourCalendarApp/vendor/symfony/console/Input/ArgvInput.php(150): Symfony\\Component\\Console\\Input\\ArgvInput->addLongOption('columns', 'name,action')
#1 /Applications/XAMPP/xamppfiles/htdocs/BFound/jolanko/jolanko/YourCalendarApp/vendor/symfony/console/Input/ArgvInput.php(85): Symfony\\Component\\Console\\Input\\ArgvInput->parseLongOption('--columns=name,...')
#2 /Applications/XAMPP/xamppfiles/htdocs/BFound/jolanko/jolanko/YourCalendarApp/vendor/symfony/console/Input/ArgvInput.php(74): Symfony\\Component\\Console\\Input\\ArgvInput->parseToken('--columns=name,...', true)
#3 /Applications/XAMPP/xamppfiles/htdocs/BFound/jolanko/jolanko/YourCalendarApp/vendor/symfony/console/Input/Input.php(55): Symfony\\Component\\Console\\Input\\ArgvInput->parse()
#4 /Applications/XAMPP/xamppfiles/htdocs/BFound/jolanko/jolanko/YourCalendarApp/vendor/symfony/console/Command/Command.php(285): Symfony\\Component\\Console\\Input\\Input->bind(Object(Symfony\\Component\\Console\\Input\\InputDefinition))
#5 /Applications/XAMPP/xamppfiles/htdocs/BFound/jolanko/jolanko/YourCalendarApp/vendor/laravel/framework/src/Illuminate/Console/Command.php(180): Symfony\\Component\\Console\\Command\\Command->run(Object(Symfony\\Component\\Console\\Input\\ArgvInput), Object(Illuminate\\Console\\OutputStyle))
#6 /Applications/XAMPP/xamppfiles/htdocs/BFound/jolanko/jolanko/YourCalendarApp/vendor/symfony/console/Application.php(1081): Illuminate\\Console\\Command->run(Object(Symfony\\Component\\Console\\Input\\ArgvInput), Object(Symfony\\Component\\Console\\Output\\ConsoleOutput))
#7 /Applications/XAMPP/xamppfiles/htdocs/BFound/jolanko/jolanko/YourCalendarApp/vendor/symfony/console/Application.php(320): Symfony\\Component\\Console\\Application->doRunCommand(Object(Illuminate\\Foundation\\Console\\RouteListCommand), Object(Symfony\\Component\\Console\\Input\\ArgvInput), Object(Symfony\\Component\\Console\\Output\\ConsoleOutput))
#8 /Applications/XAMPP/xamppfiles/htdocs/BFound/jolanko/jolanko/YourCalendarApp/vendor/symfony/console/Application.php(174): Symfony\\Component\\Console\\Application->doRun(Object(Symfony\\Component\\Console\\Input\\ArgvInput), Object(Symfony\\Component\\Console\\Output\\ConsoleOutput))
#9 /Applications/XAMPP/xamppfiles/htdocs/BFound/jolanko/jolanko/YourCalendarApp/vendor/laravel/framework/src/Illuminate/Foundation/Console/Kernel.php(201): Symfony\\Component\\Console\\Application->run(Object(Symfony\\Component\\Console\\Input\\ArgvInput), Object(Symfony\\Component\\Console\\Output\\ConsoleOutput))
#10 /Applications/XAMPP/xamppfiles/htdocs/BFound/jolanko/jolanko/YourCalendarApp/artisan(35): Illuminate\\Foundation\\Console\\Kernel->handle(Object(Symfony\\Component\\Console\\Input\\ArgvInput), Object(Symfony\\Component\\Console\\Output\\ConsoleOutput))
#11 {main}
"} 
[2023-11-26 11:59:22] local.ERROR: The "--columns" option does not exist. {"exception":"[object] (Symfony\\Component\\Console\\Exception\\RuntimeException(code: 0): The \"--columns\" option does not exist. at /Applications/XAMPP/xamppfiles/htdocs/BFound/jolanko/jolanko/YourCalendarApp/vendor/symfony/console/Input/ArgvInput.php:223)
[stacktrace]
#0 /Applications/XAMPP/xamppfiles/htdocs/BFound/jolanko/jolanko/YourCalendarApp/vendor/symfony/console/Input/ArgvInput.php(150): Symfony\\Component\\Console\\Input\\ArgvInput->addLongOption('columns', 'name,action')
#1 /Applications/XAMPP/xamppfiles/htdocs/BFound/jolanko/jolanko/YourCalendarApp/vendor/symfony/console/Input/ArgvInput.php(85): Symfony\\Component\\Console\\Input\\ArgvInput->parseLongOption('--columns=name,...')
#2 /Applications/XAMPP/xamppfiles/htdocs/BFound/jolanko/jolanko/YourCalendarApp/vendor/symfony/console/Input/ArgvInput.php(74): Symfony\\Component\\Console\\Input\\ArgvInput->parseToken('--columns=name,...', true)
#3 /Applications/XAMPP/xamppfiles/htdocs/BFound/jolanko/jolanko/YourCalendarApp/vendor/symfony/console/Input/Input.php(55): Symfony\\Component\\Console\\Input\\ArgvInput->parse()
#4 /Applications/XAMPP/xamppfiles/htdocs/BFound/jolanko/jolanko/YourCalendarApp/vendor/symfony/console/Command/Command.php(285): Symfony\\Component\\Console\\Input\\Input->bind(Object(Symfony\\Component\\Console\\Input\\InputDefinition))
#5 /Applications/XAMPP/xamppfiles/htdocs/BFound/jolanko/jolanko/YourCalendarApp/vendor/laravel/framework/src/Illuminate/Console/Command.php(180): Symfony\\Component\\Console\\Command\\Command->run(Object(Symfony\\Component\\Console\\Input\\ArgvInput), Object(Illuminate\\Console\\OutputStyle))
#6 /Applications/XAMPP/xamppfiles/htdocs/BFound/jolanko/jolanko/YourCalendarApp/vendor/symfony/console/Application.php(1081): Illuminate\\Console\\Command->run(Object(Symfony\\Component\\Console\\Input\\ArgvInput), Object(Symfony\\Component\\Console\\Output\\ConsoleOutput))
#7 /Applications/XAMPP/xamppfiles/htdocs/BFound/jolanko/jolanko/YourCalendarApp/vendor/symfony/console/Application.php(320): Symfony\\Component\\Console\\Application->doRunCommand(Object(Illuminate\\Foundation\\Console\\RouteListCommand), Object(Symfony\\Component\\Console\\Input\\ArgvInput), Object(Symfony\\Component\\Console\\Output\\ConsoleOutput))
#8 /Applications/XAMPP/xamppfiles/htdocs/BFound/jolanko/jolanko/YourCalendarApp/vendor/symfony/console/Application.php(174): Symfony\\Component\\Console\\Application->doRun(Object(Symfony\\Component\\Console\\Input\\ArgvInput), Object(Symfony\\Component\\Console\\Output\\ConsoleOutput))
#9 /Applications/XAMPP/xamppfiles/htdocs/BFound/jolanko/jolanko/YourCalendarApp/vendor/laravel/framework/src/Illuminate/Foundation/Console/Kernel.php(201): Symfony\\Component\\Console\\Application->run(Object(Symfony\\Component\\Console\\Input\\ArgvInput), Object(Symfony\\Component\\Console\\Output\\ConsoleOutput))
#10 /Applications/XAMPP/xamppfiles/htdocs/BFound/jolanko/jolanko/YourCalendarApp/artisan(35): Illuminate\\Foundation\\Console\\Kernel->handle(Object(Symfony\\Component\\Console\\Input\\ArgvInput), Object(Symfony\\Component\\Console\\Output\\ConsoleOutput))
#11 {main}
"} 
[2023-12-05 11:20:12] local.ERROR: The "--columns" option does not exist. {"exception":"[object] (Symfony\\Component\\Console\\Exception\\RuntimeException(code: 0): The \"--columns\" option does not exist. at /Applications/XAMPP/xamppfiles/htdocs/BFound/jolanko/jolanko/YourCalendarApp/vendor/symfony/console/Input/ArgvInput.php:223)
[stacktrace]
#0 /Applications/XAMPP/xamppfiles/htdocs/BFound/jolanko/jolanko/YourCalendarApp/vendor/symfony/console/Input/ArgvInput.php(150): Symfony\\Component\\Console\\Input\\ArgvInput->addLongOption('columns', 'name,action')
#1 /Applications/XAMPP/xamppfiles/htdocs/BFound/jolanko/jolanko/YourCalendarApp/vendor/symfony/console/Input/ArgvInput.php(85): Symfony\\Component\\Console\\Input\\ArgvInput->parseLongOption('--columns=name,...')
#2 /Applications/XAMPP/xamppfiles/htdocs/BFound/jolanko/jolanko/YourCalendarApp/vendor/symfony/console/Input/ArgvInput.php(74): Symfony\\Component\\Console\\Input\\ArgvInput->parseToken('--columns=name,...', true)
#3 /Applications/XAMPP/xamppfiles/htdocs/BFound/jolanko/jolanko/YourCalendarApp/vendor/symfony/console/Input/Input.php(55): Symfony\\Component\\Console\\Input\\ArgvInput->parse()
#4 /Applications/XAMPP/xamppfiles/htdocs/BFound/jolanko/jolanko/YourCalendarApp/vendor/symfony/console/Command/Command.php(285): Symfony\\Component\\Console\\Input\\Input->bind(Object(Symfony\\Component\\Console\\Input\\InputDefinition))
#5 /Applications/XAMPP/xamppfiles/htdocs/BFound/jolanko/jolanko/YourCalendarApp/vendor/laravel/framework/src/Illuminate/Console/Command.php(180): Symfony\\Component\\Console\\Command\\Command->run(Object(Symfony\\Component\\Console\\Input\\ArgvInput), Object(Illuminate\\Console\\OutputStyle))
#6 /Applications/XAMPP/xamppfiles/htdocs/BFound/jolanko/jolanko/YourCalendarApp/vendor/symfony/console/Application.php(1081): Illuminate\\Console\\Command->run(Object(Symfony\\Component\\Console\\Input\\ArgvInput), Object(Symfony\\Component\\Console\\Output\\ConsoleOutput))
#7 /Applications/XAMPP/xamppfiles/htdocs/BFound/jolanko/jolanko/YourCalendarApp/vendor/symfony/console/Application.php(320): Symfony\\Component\\Console\\Application->doRunCommand(Object(Illuminate\\Foundation\\Console\\RouteListCommand), Object(Symfony\\Component\\Console\\Input\\ArgvInput), Object(Symfony\\Component\\Console\\Output\\ConsoleOutput))
#8 /Applications/XAMPP/xamppfiles/htdocs/BFound/jolanko/jolanko/YourCalendarApp/vendor/symfony/console/Application.php(174): Symfony\\Component\\Console\\Application->doRun(Object(Symfony\\Component\\Console\\Input\\ArgvInput), Object(Symfony\\Component\\Console\\Output\\ConsoleOutput))
#9 /Applications/XAMPP/xamppfiles/htdocs/BFound/jolanko/jolanko/YourCalendarApp/vendor/laravel/framework/src/Illuminate/Foundation/Console/Kernel.php(201): Symfony\\Component\\Console\\Application->run(Object(Symfony\\Component\\Console\\Input\\ArgvInput), Object(Symfony\\Component\\Console\\Output\\ConsoleOutput))
#10 /Applications/XAMPP/xamppfiles/htdocs/BFound/jolanko/jolanko/YourCalendarApp/artisan(35): Illuminate\\Foundation\\Console\\Kernel->handle(Object(Symfony\\Component\\Console\\Input\\ArgvInput), Object(Symfony\\Component\\Console\\Output\\ConsoleOutput))
#11 {main}
"} 
[2023-12-13 13:55:37] local.ERROR: The "--columns" option does not exist. {"exception":"[object] (Symfony\\Component\\Console\\Exception\\RuntimeException(code: 0): The \"--columns\" option does not exist. at /Applications/XAMPP/xamppfiles/htdocs/BFound/jolanko/jolanko/YourCalendarApp/vendor/symfony/console/Input/ArgvInput.php:223)
[stacktrace]
#0 /Applications/XAMPP/xamppfiles/htdocs/BFound/jolanko/jolanko/YourCalendarApp/vendor/symfony/console/Input/ArgvInput.php(150): Symfony\\Component\\Console\\Input\\ArgvInput->addLongOption('columns', 'name,action')
#1 /Applications/XAMPP/xamppfiles/htdocs/BFound/jolanko/jolanko/YourCalendarApp/vendor/symfony/console/Input/ArgvInput.php(85): Symfony\\Component\\Console\\Input\\ArgvInput->parseLongOption('--columns=name,...')
#2 /Applications/XAMPP/xamppfiles/htdocs/BFound/jolanko/jolanko/YourCalendarApp/vendor/symfony/console/Input/ArgvInput.php(74): Symfony\\Component\\Console\\Input\\ArgvInput->parseToken('--columns=name,...', true)
#3 /Applications/XAMPP/xamppfiles/htdocs/BFound/jolanko/jolanko/YourCalendarApp/vendor/symfony/console/Input/Input.php(55): Symfony\\Component\\Console\\Input\\ArgvInput->parse()
#4 /Applications/XAMPP/xamppfiles/htdocs/BFound/jolanko/jolanko/YourCalendarApp/vendor/symfony/console/Command/Command.php(285): Symfony\\Component\\Console\\Input\\Input->bind(Object(Symfony\\Component\\Console\\Input\\InputDefinition))
#5 /Applications/XAMPP/xamppfiles/htdocs/BFound/jolanko/jolanko/YourCalendarApp/vendor/laravel/framework/src/Illuminate/Console/Command.php(180): Symfony\\Component\\Console\\Command\\Command->run(Object(Symfony\\Component\\Console\\Input\\ArgvInput), Object(Illuminate\\Console\\OutputStyle))
#6 /Applications/XAMPP/xamppfiles/htdocs/BFound/jolanko/jolanko/YourCalendarApp/vendor/symfony/console/Application.php(1081): Illuminate\\Console\\Command->run(Object(Symfony\\Component\\Console\\Input\\ArgvInput), Object(Symfony\\Component\\Console\\Output\\ConsoleOutput))
#7 /Applications/XAMPP/xamppfiles/htdocs/BFound/jolanko/jolanko/YourCalendarApp/vendor/symfony/console/Application.php(320): Symfony\\Component\\Console\\Application->doRunCommand(Object(Illuminate\\Foundation\\Console\\RouteListCommand), Object(Symfony\\Component\\Console\\Input\\ArgvInput), Object(Symfony\\Component\\Console\\Output\\ConsoleOutput))
#8 /Applications/XAMPP/xamppfiles/htdocs/BFound/jolanko/jolanko/YourCalendarApp/vendor/symfony/console/Application.php(174): Symfony\\Component\\Console\\Application->doRun(Object(Symfony\\Component\\Console\\Input\\ArgvInput), Object(Symfony\\Component\\Console\\Output\\ConsoleOutput))
#9 /Applications/XAMPP/xamppfiles/htdocs/BFound/jolanko/jolanko/YourCalendarApp/vendor/laravel/framework/src/Illuminate/Foundation/Console/Kernel.php(201): Symfony\\Component\\Console\\Application->run(Object(Symfony\\Component\\Console\\Input\\ArgvInput), Object(Symfony\\Component\\Console\\Output\\ConsoleOutput))
#10 /Applications/XAMPP/xamppfiles/htdocs/BFound/jolanko/jolanko/YourCalendarApp/artisan(35): Illuminate\\Foundation\\Console\\Kernel->handle(Object(Symfony\\Component\\Console\\Input\\ArgvInput), Object(Symfony\\Component\\Console\\Output\\ConsoleOutput))
#11 {main}
"} 
[2023-12-13 13:55:44] local.ERROR: The "--columns" option does not exist. {"exception":"[object] (Symfony\\Component\\Console\\Exception\\RuntimeException(code: 0): The \"--columns\" option does not exist. at /Applications/XAMPP/xamppfiles/htdocs/BFound/jolanko/jolanko/YourCalendarApp/vendor/symfony/console/Input/ArgvInput.php:223)
[stacktrace]
#0 /Applications/XAMPP/xamppfiles/htdocs/BFound/jolanko/jolanko/YourCalendarApp/vendor/symfony/console/Input/ArgvInput.php(150): Symfony\\Component\\Console\\Input\\ArgvInput->addLongOption('columns', 'name,action')
#1 /Applications/XAMPP/xamppfiles/htdocs/BFound/jolanko/jolanko/YourCalendarApp/vendor/symfony/console/Input/ArgvInput.php(85): Symfony\\Component\\Console\\Input\\ArgvInput->parseLongOption('--columns=name,...')
#2 /Applications/XAMPP/xamppfiles/htdocs/BFound/jolanko/jolanko/YourCalendarApp/vendor/symfony/console/Input/ArgvInput.php(74): Symfony\\Component\\Console\\Input\\ArgvInput->parseToken('--columns=name,...', true)
#3 /Applications/XAMPP/xamppfiles/htdocs/BFound/jolanko/jolanko/YourCalendarApp/vendor/symfony/console/Input/Input.php(55): Symfony\\Component\\Console\\Input\\ArgvInput->parse()
#4 /Applications/XAMPP/xamppfiles/htdocs/BFound/jolanko/jolanko/YourCalendarApp/vendor/symfony/console/Command/Command.php(285): Symfony\\Component\\Console\\Input\\Input->bind(Object(Symfony\\Component\\Console\\Input\\InputDefinition))
#5 /Applications/XAMPP/xamppfiles/htdocs/BFound/jolanko/jolanko/YourCalendarApp/vendor/laravel/framework/src/Illuminate/Console/Command.php(180): Symfony\\Component\\Console\\Command\\Command->run(Object(Symfony\\Component\\Console\\Input\\ArgvInput), Object(Illuminate\\Console\\OutputStyle))
#6 /Applications/XAMPP/xamppfiles/htdocs/BFound/jolanko/jolanko/YourCalendarApp/vendor/symfony/console/Application.php(1081): Illuminate\\Console\\Command->run(Object(Symfony\\Component\\Console\\Input\\ArgvInput), Object(Symfony\\Component\\Console\\Output\\ConsoleOutput))
#7 /Applications/XAMPP/xamppfiles/htdocs/BFound/jolanko/jolanko/YourCalendarApp/vendor/symfony/console/Application.php(320): Symfony\\Component\\Console\\Application->doRunCommand(Object(Illuminate\\Foundation\\Console\\RouteListCommand), Object(Symfony\\Component\\Console\\Input\\ArgvInput), Object(Symfony\\Component\\Console\\Output\\ConsoleOutput))
#8 /Applications/XAMPP/xamppfiles/htdocs/BFound/jolanko/jolanko/YourCalendarApp/vendor/symfony/console/Application.php(174): Symfony\\Component\\Console\\Application->doRun(Object(Symfony\\Component\\Console\\Input\\ArgvInput), Object(Symfony\\Component\\Console\\Output\\ConsoleOutput))
#9 /Applications/XAMPP/xamppfiles/htdocs/BFound/jolanko/jolanko/YourCalendarApp/vendor/laravel/framework/src/Illuminate/Foundation/Console/Kernel.php(201): Symfony\\Component\\Console\\Application->run(Object(Symfony\\Component\\Console\\Input\\ArgvInput), Object(Symfony\\Component\\Console\\Output\\ConsoleOutput))
#10 /Applications/XAMPP/xamppfiles/htdocs/BFound/jolanko/jolanko/YourCalendarApp/artisan(35): Illuminate\\Foundation\\Console\\Kernel->handle(Object(Symfony\\Component\\Console\\Input\\ArgvInput), Object(Symfony\\Component\\Console\\Output\\ConsoleOutput))
#11 {main}
"} 
[2023-12-16 06:18:29] local.ERROR: The "--columns" option does not exist. {"exception":"[object] (Symfony\\Component\\Console\\Exception\\RuntimeException(code: 0): The \"--columns\" option does not exist. at /Applications/XAMPP/xamppfiles/htdocs/BFound/jolanko/jolanko/YourCalendarApp/vendor/symfony/console/Input/ArgvInput.php:223)
[stacktrace]
#0 /Applications/XAMPP/xamppfiles/htdocs/BFound/jolanko/jolanko/YourCalendarApp/vendor/symfony/console/Input/ArgvInput.php(150): Symfony\\Component\\Console\\Input\\ArgvInput->addLongOption('columns', 'name,action')
#1 /Applications/XAMPP/xamppfiles/htdocs/BFound/jolanko/jolanko/YourCalendarApp/vendor/symfony/console/Input/ArgvInput.php(85): Symfony\\Component\\Console\\Input\\ArgvInput->parseLongOption('--columns=name,...')
#2 /Applications/XAMPP/xamppfiles/htdocs/BFound/jolanko/jolanko/YourCalendarApp/vendor/symfony/console/Input/ArgvInput.php(74): Symfony\\Component\\Console\\Input\\ArgvInput->parseToken('--columns=name,...', true)
#3 /Applications/XAMPP/xamppfiles/htdocs/BFound/jolanko/jolanko/YourCalendarApp/vendor/symfony/console/Input/Input.php(55): Symfony\\Component\\Console\\Input\\ArgvInput->parse()
#4 /Applications/XAMPP/xamppfiles/htdocs/BFound/jolanko/jolanko/YourCalendarApp/vendor/symfony/console/Command/Command.php(285): Symfony\\Component\\Console\\Input\\Input->bind(Object(Symfony\\Component\\Console\\Input\\InputDefinition))
#5 /Applications/XAMPP/xamppfiles/htdocs/BFound/jolanko/jolanko/YourCalendarApp/vendor/laravel/framework/src/Illuminate/Console/Command.php(180): Symfony\\Component\\Console\\Command\\Command->run(Object(Symfony\\Component\\Console\\Input\\ArgvInput), Object(Illuminate\\Console\\OutputStyle))
#6 /Applications/XAMPP/xamppfiles/htdocs/BFound/jolanko/jolanko/YourCalendarApp/vendor/symfony/console/Application.php(1081): Illuminate\\Console\\Command->run(Object(Symfony\\Component\\Console\\Input\\ArgvInput), Object(Symfony\\Component\\Console\\Output\\ConsoleOutput))
#7 /Applications/XAMPP/xamppfiles/htdocs/BFound/jolanko/jolanko/YourCalendarApp/vendor/symfony/console/Application.php(320): Symfony\\Component\\Console\\Application->doRunCommand(Object(Illuminate\\Foundation\\Console\\RouteListCommand), Object(Symfony\\Component\\Console\\Input\\ArgvInput), Object(Symfony\\Component\\Console\\Output\\ConsoleOutput))
#8 /Applications/XAMPP/xamppfiles/htdocs/BFound/jolanko/jolanko/YourCalendarApp/vendor/symfony/console/Application.php(174): Symfony\\Component\\Console\\Application->doRun(Object(Symfony\\Component\\Console\\Input\\ArgvInput), Object(Symfony\\Component\\Console\\Output\\ConsoleOutput))
#9 /Applications/XAMPP/xamppfiles/htdocs/BFound/jolanko/jolanko/YourCalendarApp/vendor/laravel/framework/src/Illuminate/Foundation/Console/Kernel.php(201): Symfony\\Component\\Console\\Application->run(Object(Symfony\\Component\\Console\\Input\\ArgvInput), Object(Symfony\\Component\\Console\\Output\\ConsoleOutput))
#10 /Applications/XAMPP/xamppfiles/htdocs/BFound/jolanko/jolanko/YourCalendarApp/artisan(35): Illuminate\\Foundation\\Console\\Kernel->handle(Object(Symfony\\Component\\Console\\Input\\ArgvInput), Object(Symfony\\Component\\Console\\Output\\ConsoleOutput))
#11 {main}
"} 
[2023-12-21 08:14:53] local.ERROR: The "--columns" option does not exist. {"exception":"[object] (Symfony\\Component\\Console\\Exception\\RuntimeException(code: 0): The \"--columns\" option does not exist. at /Applications/XAMPP/xamppfiles/htdocs/BFound/jolanko/jolanko/YourCalendarApp/vendor/symfony/console/Input/ArgvInput.php:223)
[stacktrace]
#0 /Applications/XAMPP/xamppfiles/htdocs/BFound/jolanko/jolanko/YourCalendarApp/vendor/symfony/console/Input/ArgvInput.php(150): Symfony\\Component\\Console\\Input\\ArgvInput->addLongOption('columns', 'name,action')
#1 /Applications/XAMPP/xamppfiles/htdocs/BFound/jolanko/jolanko/YourCalendarApp/vendor/symfony/console/Input/ArgvInput.php(85): Symfony\\Component\\Console\\Input\\ArgvInput->parseLongOption('--columns=name,...')
#2 /Applications/XAMPP/xamppfiles/htdocs/BFound/jolanko/jolanko/YourCalendarApp/vendor/symfony/console/Input/ArgvInput.php(74): Symfony\\Component\\Console\\Input\\ArgvInput->parseToken('--columns=name,...', true)
#3 /Applications/XAMPP/xamppfiles/htdocs/BFound/jolanko/jolanko/YourCalendarApp/vendor/symfony/console/Input/Input.php(55): Symfony\\Component\\Console\\Input\\ArgvInput->parse()
#4 /Applications/XAMPP/xamppfiles/htdocs/BFound/jolanko/jolanko/YourCalendarApp/vendor/symfony/console/Command/Command.php(285): Symfony\\Component\\Console\\Input\\Input->bind(Object(Symfony\\Component\\Console\\Input\\InputDefinition))
#5 /Applications/XAMPP/xamppfiles/htdocs/BFound/jolanko/jolanko/YourCalendarApp/vendor/laravel/framework/src/Illuminate/Console/Command.php(180): Symfony\\Component\\Console\\Command\\Command->run(Object(Symfony\\Component\\Console\\Input\\ArgvInput), Object(Illuminate\\Console\\OutputStyle))
#6 /Applications/XAMPP/xamppfiles/htdocs/BFound/jolanko/jolanko/YourCalendarApp/vendor/symfony/console/Application.php(1081): Illuminate\\Console\\Command->run(Object(Symfony\\Component\\Console\\Input\\ArgvInput), Object(Symfony\\Component\\Console\\Output\\ConsoleOutput))
#7 /Applications/XAMPP/xamppfiles/htdocs/BFound/jolanko/jolanko/YourCalendarApp/vendor/symfony/console/Application.php(320): Symfony\\Component\\Console\\Application->doRunCommand(Object(Illuminate\\Foundation\\Console\\RouteListCommand), Object(Symfony\\Component\\Console\\Input\\ArgvInput), Object(Symfony\\Component\\Console\\Output\\ConsoleOutput))
#8 /Applications/XAMPP/xamppfiles/htdocs/BFound/jolanko/jolanko/YourCalendarApp/vendor/symfony/console/Application.php(174): Symfony\\Component\\Console\\Application->doRun(Object(Symfony\\Component\\Console\\Input\\ArgvInput), Object(Symfony\\Component\\Console\\Output\\ConsoleOutput))
#9 /Applications/XAMPP/xamppfiles/htdocs/BFound/jolanko/jolanko/YourCalendarApp/vendor/laravel/framework/src/Illuminate/Foundation/Console/Kernel.php(201): Symfony\\Component\\Console\\Application->run(Object(Symfony\\Component\\Console\\Input\\ArgvInput), Object(Symfony\\Component\\Console\\Output\\ConsoleOutput))
#10 /Applications/XAMPP/xamppfiles/htdocs/BFound/jolanko/jolanko/YourCalendarApp/artisan(35): Illuminate\\Foundation\\Console\\Kernel->handle(Object(Symfony\\Component\\Console\\Input\\ArgvInput), Object(Symfony\\Component\\Console\\Output\\ConsoleOutput))
#11 {main}
"} 
[2023-12-24 09:29:33] local.ERROR: The "--columns" option does not exist. {"exception":"[object] (Symfony\\Component\\Console\\Exception\\RuntimeException(code: 0): The \"--columns\" option does not exist. at /Applications/XAMPP/xamppfiles/htdocs/BFound/jelanco_new/jolanko/YourCalendarApp/vendor/symfony/console/Input/ArgvInput.php:223)
[stacktrace]
#0 /Applications/XAMPP/xamppfiles/htdocs/BFound/jelanco_new/jolanko/YourCalendarApp/vendor/symfony/console/Input/ArgvInput.php(150): Symfony\\Component\\Console\\Input\\ArgvInput->addLongOption('columns', 'name,action')
#1 /Applications/XAMPP/xamppfiles/htdocs/BFound/jelanco_new/jolanko/YourCalendarApp/vendor/symfony/console/Input/ArgvInput.php(85): Symfony\\Component\\Console\\Input\\ArgvInput->parseLongOption('--columns=name,...')
#2 /Applications/XAMPP/xamppfiles/htdocs/BFound/jelanco_new/jolanko/YourCalendarApp/vendor/symfony/console/Input/ArgvInput.php(74): Symfony\\Component\\Console\\Input\\ArgvInput->parseToken('--columns=name,...', true)
#3 /Applications/XAMPP/xamppfiles/htdocs/BFound/jelanco_new/jolanko/YourCalendarApp/vendor/symfony/console/Input/Input.php(55): Symfony\\Component\\Console\\Input\\ArgvInput->parse()
#4 /Applications/XAMPP/xamppfiles/htdocs/BFound/jelanco_new/jolanko/YourCalendarApp/vendor/symfony/console/Command/Command.php(285): Symfony\\Component\\Console\\Input\\Input->bind(Object(Symfony\\Component\\Console\\Input\\InputDefinition))
#5 /Applications/XAMPP/xamppfiles/htdocs/BFound/jelanco_new/jolanko/YourCalendarApp/vendor/laravel/framework/src/Illuminate/Console/Command.php(180): Symfony\\Component\\Console\\Command\\Command->run(Object(Symfony\\Component\\Console\\Input\\ArgvInput), Object(Illuminate\\Console\\OutputStyle))
#6 /Applications/XAMPP/xamppfiles/htdocs/BFound/jelanco_new/jolanko/YourCalendarApp/vendor/symfony/console/Application.php(1081): Illuminate\\Console\\Command->run(Object(Symfony\\Component\\Console\\Input\\ArgvInput), Object(Symfony\\Component\\Console\\Output\\ConsoleOutput))
#7 /Applications/XAMPP/xamppfiles/htdocs/BFound/jelanco_new/jolanko/YourCalendarApp/vendor/symfony/console/Application.php(320): Symfony\\Component\\Console\\Application->doRunCommand(Object(Illuminate\\Foundation\\Console\\RouteListCommand), Object(Symfony\\Component\\Console\\Input\\ArgvInput), Object(Symfony\\Component\\Console\\Output\\ConsoleOutput))
#8 /Applications/XAMPP/xamppfiles/htdocs/BFound/jelanco_new/jolanko/YourCalendarApp/vendor/symfony/console/Application.php(174): Symfony\\Component\\Console\\Application->doRun(Object(Symfony\\Component\\Console\\Input\\ArgvInput), Object(Symfony\\Component\\Console\\Output\\ConsoleOutput))
#9 /Applications/XAMPP/xamppfiles/htdocs/BFound/jelanco_new/jolanko/YourCalendarApp/vendor/laravel/framework/src/Illuminate/Foundation/Console/Kernel.php(201): Symfony\\Component\\Console\\Application->run(Object(Symfony\\Component\\Console\\Input\\ArgvInput), Object(Symfony\\Component\\Console\\Output\\ConsoleOutput))
#10 /Applications/XAMPP/xamppfiles/htdocs/BFound/jelanco_new/jolanko/YourCalendarApp/artisan(35): Illuminate\\Foundation\\Console\\Kernel->handle(Object(Symfony\\Component\\Console\\Input\\ArgvInput), Object(Symfony\\Component\\Console\\Output\\ConsoleOutput))
#11 {main}
"} 
[2023-12-24 09:29:44] local.ERROR: The "--columns" option does not exist. {"exception":"[object] (Symfony\\Component\\Console\\Exception\\RuntimeException(code: 0): The \"--columns\" option does not exist. at /Applications/XAMPP/xamppfiles/htdocs/BFound/jelanco_new/jolanko/YourCalendarApp/vendor/symfony/console/Input/ArgvInput.php:223)
[stacktrace]
#0 /Applications/XAMPP/xamppfiles/htdocs/BFound/jelanco_new/jolanko/YourCalendarApp/vendor/symfony/console/Input/ArgvInput.php(150): Symfony\\Component\\Console\\Input\\ArgvInput->addLongOption('columns', 'name,action')
#1 /Applications/XAMPP/xamppfiles/htdocs/BFound/jelanco_new/jolanko/YourCalendarApp/vendor/symfony/console/Input/ArgvInput.php(85): Symfony\\Component\\Console\\Input\\ArgvInput->parseLongOption('--columns=name,...')
#2 /Applications/XAMPP/xamppfiles/htdocs/BFound/jelanco_new/jolanko/YourCalendarApp/vendor/symfony/console/Input/ArgvInput.php(74): Symfony\\Component\\Console\\Input\\ArgvInput->parseToken('--columns=name,...', true)
#3 /Applications/XAMPP/xamppfiles/htdocs/BFound/jelanco_new/jolanko/YourCalendarApp/vendor/symfony/console/Input/Input.php(55): Symfony\\Component\\Console\\Input\\ArgvInput->parse()
#4 /Applications/XAMPP/xamppfiles/htdocs/BFound/jelanco_new/jolanko/YourCalendarApp/vendor/symfony/console/Command/Command.php(285): Symfony\\Component\\Console\\Input\\Input->bind(Object(Symfony\\Component\\Console\\Input\\InputDefinition))
#5 /Applications/XAMPP/xamppfiles/htdocs/BFound/jelanco_new/jolanko/YourCalendarApp/vendor/laravel/framework/src/Illuminate/Console/Command.php(180): Symfony\\Component\\Console\\Command\\Command->run(Object(Symfony\\Component\\Console\\Input\\ArgvInput), Object(Illuminate\\Console\\OutputStyle))
#6 /Applications/XAMPP/xamppfiles/htdocs/BFound/jelanco_new/jolanko/YourCalendarApp/vendor/symfony/console/Application.php(1081): Illuminate\\Console\\Command->run(Object(Symfony\\Component\\Console\\Input\\ArgvInput), Object(Symfony\\Component\\Console\\Output\\ConsoleOutput))
#7 /Applications/XAMPP/xamppfiles/htdocs/BFound/jelanco_new/jolanko/YourCalendarApp/vendor/symfony/console/Application.php(320): Symfony\\Component\\Console\\Application->doRunCommand(Object(Illuminate\\Foundation\\Console\\RouteListCommand), Object(Symfony\\Component\\Console\\Input\\ArgvInput), Object(Symfony\\Component\\Console\\Output\\ConsoleOutput))
#8 /Applications/XAMPP/xamppfiles/htdocs/BFound/jelanco_new/jolanko/YourCalendarApp/vendor/symfony/console/Application.php(174): Symfony\\Component\\Console\\Application->doRun(Object(Symfony\\Component\\Console\\Input\\ArgvInput), Object(Symfony\\Component\\Console\\Output\\ConsoleOutput))
#9 /Applications/XAMPP/xamppfiles/htdocs/BFound/jelanco_new/jolanko/YourCalendarApp/vendor/laravel/framework/src/Illuminate/Foundation/Console/Kernel.php(201): Symfony\\Component\\Console\\Application->run(Object(Symfony\\Component\\Console\\Input\\ArgvInput), Object(Symfony\\Component\\Console\\Output\\ConsoleOutput))
#10 /Applications/XAMPP/xamppfiles/htdocs/BFound/jelanco_new/jolanko/YourCalendarApp/artisan(35): Illuminate\\Foundation\\Console\\Kernel->handle(Object(Symfony\\Component\\Console\\Input\\ArgvInput), Object(Symfony\\Component\\Console\\Output\\ConsoleOutput))
#11 {main}
"} 
[2023-12-27 11:28:04] local.ERROR: The "--columns" option does not exist. {"exception":"[object] (Symfony\\Component\\Console\\Exception\\RuntimeException(code: 0): The \"--columns\" option does not exist. at /Applications/XAMPP/xamppfiles/htdocs/BFound/jelanco_new/jolanko/YourCalendarApp/vendor/symfony/console/Input/ArgvInput.php:223)
[stacktrace]
#0 /Applications/XAMPP/xamppfiles/htdocs/BFound/jelanco_new/jolanko/YourCalendarApp/vendor/symfony/console/Input/ArgvInput.php(150): Symfony\\Component\\Console\\Input\\ArgvInput->addLongOption('columns', 'name,action')
#1 /Applications/XAMPP/xamppfiles/htdocs/BFound/jelanco_new/jolanko/YourCalendarApp/vendor/symfony/console/Input/ArgvInput.php(85): Symfony\\Component\\Console\\Input\\ArgvInput->parseLongOption('--columns=name,...')
#2 /Applications/XAMPP/xamppfiles/htdocs/BFound/jelanco_new/jolanko/YourCalendarApp/vendor/symfony/console/Input/ArgvInput.php(74): Symfony\\Component\\Console\\Input\\ArgvInput->parseToken('--columns=name,...', true)
#3 /Applications/XAMPP/xamppfiles/htdocs/BFound/jelanco_new/jolanko/YourCalendarApp/vendor/symfony/console/Input/Input.php(55): Symfony\\Component\\Console\\Input\\ArgvInput->parse()
#4 /Applications/XAMPP/xamppfiles/htdocs/BFound/jelanco_new/jolanko/YourCalendarApp/vendor/symfony/console/Command/Command.php(285): Symfony\\Component\\Console\\Input\\Input->bind(Object(Symfony\\Component\\Console\\Input\\InputDefinition))
#5 /Applications/XAMPP/xamppfiles/htdocs/BFound/jelanco_new/jolanko/YourCalendarApp/vendor/laravel/framework/src/Illuminate/Console/Command.php(180): Symfony\\Component\\Console\\Command\\Command->run(Object(Symfony\\Component\\Console\\Input\\ArgvInput), Object(Illuminate\\Console\\OutputStyle))
#6 /Applications/XAMPP/xamppfiles/htdocs/BFound/jelanco_new/jolanko/YourCalendarApp/vendor/symfony/console/Application.php(1081): Illuminate\\Console\\Command->run(Object(Symfony\\Component\\Console\\Input\\ArgvInput), Object(Symfony\\Component\\Console\\Output\\ConsoleOutput))
#7 /Applications/XAMPP/xamppfiles/htdocs/BFound/jelanco_new/jolanko/YourCalendarApp/vendor/symfony/console/Application.php(320): Symfony\\Component\\Console\\Application->doRunCommand(Object(Illuminate\\Foundation\\Console\\RouteListCommand), Object(Symfony\\Component\\Console\\Input\\ArgvInput), Object(Symfony\\Component\\Console\\Output\\ConsoleOutput))
#8 /Applications/XAMPP/xamppfiles/htdocs/BFound/jelanco_new/jolanko/YourCalendarApp/vendor/symfony/console/Application.php(174): Symfony\\Component\\Console\\Application->doRun(Object(Symfony\\Component\\Console\\Input\\ArgvInput), Object(Symfony\\Component\\Console\\Output\\ConsoleOutput))
#9 /Applications/XAMPP/xamppfiles/htdocs/BFound/jelanco_new/jolanko/YourCalendarApp/vendor/laravel/framework/src/Illuminate/Foundation/Console/Kernel.php(201): Symfony\\Component\\Console\\Application->run(Object(Symfony\\Component\\Console\\Input\\ArgvInput), Object(Symfony\\Component\\Console\\Output\\ConsoleOutput))
#10 /Applications/XAMPP/xamppfiles/htdocs/BFound/jelanco_new/jolanko/YourCalendarApp/artisan(35): Illuminate\\Foundation\\Console\\Kernel->handle(Object(Symfony\\Component\\Console\\Input\\ArgvInput), Object(Symfony\\Component\\Console\\Output\\ConsoleOutput))
#11 {main}
"} 
